Vivado Simulator 2018.2
Copyright 1986-1999, 2001-2018 Xilinx, Inc. All Rights Reserved.
Running: E:/Vivado/2018.2/bin/unwrapped/win64.o/xelab.exe -wto 38f443f338434089b5316d1ee6aa0845 --incr --debug typical --relax --mt 2 -L xil_defaultlib -L dist_mem_gen_v8_0_12 -L unisims_ver -L unimacro_ver -L secureip -L xpm --snapshot CPU_t_behav xil_defaultlib.CPU_t xil_defaultlib.glbl -log elaborate.log 
Using 2 slave threads.
Starting static elaboration
Completed static elaboration
Starting simulation data flow analysis
Completed simulation data flow analysis
Time Resolution for simulation is 1ps
Compiling module xil_defaultlib.seg_ctrl
Compiling module xil_defaultlib.segc
Compiling module dist_mem_gen_v8_0_12.dist_mem_gen_v8_0_12(C_FAMILY="a...
Compiling module xil_defaultlib.dist_mem_gen_0
Compiling module unisims_ver.IBUF
Compiling module unisims_ver.MMCME2_ADV(CLKFBOUT_MULT_F=10.0,...
Compiling module unisims_ver.BUFG
Compiling module xil_defaultlib.clk_wiz_0_clk_wiz
Compiling module xil_defaultlib.clk_wiz_0
Compiling module xil_defaultlib.regfile
Compiling module xil_defaultlib.control_code
Compiling module xil_defaultlib.CTR
Compiling module xil_defaultlib.alu
Compiling module xil_defaultlib.CPU
Compiling module xil_defaultlib.CPU_t
Compiling module xil_defaultlib.glbl
Built simulation snapshot CPU_t_behav
