#-----------------------------------------------------------
# Vivado v2018.2 (64-bit)
# SW Build 2258646 on Thu Jun 14 20:03:12 MDT 2018
# IP Build 2256618 on Thu Jun 14 22:10:49 MDT 2018
# Start of session at: Sun May 26 22:24:40 2019
# Process ID: 15936
# Current directory: D:/homework/COD_LAB/lab5/project_1
# Command line: vivado.exe -gui_launcher_event rodinguilauncherevent4064 D:\homework\COD_LAB\lab5\project_1\project_1.xpr
# Log file: D:/homework/COD_LAB/lab5/project_1/vivado.log
# Journal file: D:/homework/COD_LAB/lab5/project_1\vivado.jou
#-----------------------------------------------------------
start_gui
open_project D:/homework/COD_LAB/lab5/project_1/project_1.xpr
Scanning sources...
Finished scanning sources
INFO: [IP_Flow 19-234] Refreshing IP repositories
INFO: [IP_Flow 19-1704] No user IP repositories specified
INFO: [IP_Flow 19-2313] Loaded Vivado IP repository 'E:/Vivado/2018.2/data/ip'.
open_project: Time (s): cpu = 00:00:15 ; elapsed = 00:00:10 . Memory (MB): peak = 869.090 ; gain = 134.836
update_compile_order -fileset sources_1
exit
INFO: [Common 17-206] Exiting Vivado at Mon May 27 15:59:14 2019...
